Flow report for DE0_CV_Default
Mon Apr 10 15:48:51 2023
Quartus Prime Version 20.1.1 Build 720 11/11/2020 SJ Lite Edition


---------------------
; Table of Contents ;
---------------------
  1. Legal Notice
  2. Flow Summary
  3. Flow Settings
  4. Flow Non-Default Global Settings
  5. Flow Elapsed Time
  6. Flow OS Summary
  7. Flow Log
  8. Flow Messages
  9. Flow Suppressed Messages



----------------
; Legal Notice ;
----------------
Copyright (C) 2020  Intel Corporation. All rights reserved.
Your use of Intel Corporation's design tools, logic functions 
and other software and tools, and any partner logic 
functions, and any output files from any of the foregoing 
(including device programming or simulation files), and any 
associated documentation or information are expressly subject 
to the terms and conditions of the Intel Program License 
Subscription Agreement, the Intel Quartus Prime License Agreement,
the Intel FPGA IP License Agreement, or other applicable license
agreement, including, without limitation, that your use is for
the sole purpose of programming logic devices manufactured by
Intel and sold by Intel or its authorized distributors.  Please
refer to the applicable agreement for further details, at
https://fpgasoftware.intel.com/eula.



+-------------------------------------------------------------------------------+
; Flow Summary                                                                  ;
+---------------------------------+---------------------------------------------+
; Flow Status                     ; Successful - Mon Apr 10 15:48:43 2023       ;
; Quartus Prime Version           ; 20.1.1 Build 720 11/11/2020 SJ Lite Edition ;
; Revision Name                   ; DE0_CV_Default                              ;
; Top-level Entity Name           ; DE0_CV_Default                              ;
; Family                          ; Cyclone V                                   ;
; Device                          ; 5CEBA4F23C7                                 ;
; Timing Models                   ; Final                                       ;
; Logic utilization (in ALMs)     ; 205 / 18,480 ( 1 % )                        ;
; Total registers                 ; 130                                         ;
; Total pins                      ; 206 / 224 ( 92 % )                          ;
; Total virtual pins              ; 0                                           ;
; Total block memory bits         ; 2,463,744 / 3,153,920 ( 78 % )              ;
; Total DSP Blocks                ; 0 / 66 ( 0 % )                              ;
; Total HSSI RX PCSs              ; 0                                           ;
; Total HSSI PMA RX Deserializers ; 0                                           ;
; Total HSSI TX PCSs              ; 0                                           ;
; Total HSSI PMA TX Serializers   ; 0                                           ;
; Total PLLs                      ; 1 / 4 ( 25 % )                              ;
; Total DLLs                      ; 0 / 4 ( 0 % )                               ;
+---------------------------------+---------------------------------------------+


+-----------------------------------------+
; Flow Settings                           ;
+-------------------+---------------------+
; Option            ; Setting             ;
+-------------------+---------------------+
; Start date & time ; 04/10/2023 15:47:42 ;
; Main task         ; Compilation         ;
; Revision Name     ; DE0_CV_Default      ;
+-------------------+---------------------+


+-------------------------------------------------------------------------------------------------------------------------+
; Flow Non-Default Global Settings                                                                                        ;
+-------------------------------------+----------------------------------------+---------------+-------------+------------+
; Assignment Name                     ; Value                                  ; Default Value ; Entity Name ; Section Id ;
+-------------------------------------+----------------------------------------+---------------+-------------+------------+
; COMPILER_SIGNATURE_ID               ; 264086601804713.168115606134316        ; --            ; --          ; --         ;
; FITTER_EFFORT                       ; Standard Fit                           ; Auto Fit      ; --          ; --         ;
; MISC_FILE                           ; V/img_index_inst.v                     ; --            ; --          ; --         ;
; MISC_FILE                           ; V/img_data_inst.v                      ; --            ; --          ; --         ;
; MISC_FILE                           ; V/vga_pll.cmp                          ; --            ; --          ; --         ;
; MISC_FILE                           ; V/vga_pll_sim/vga_pll.vo               ; --            ; --          ; --         ;
; OPTIMIZATION_TECHNIQUE              ; Speed                                  ; Balanced      ; --          ; --         ;
; OUTPUT_IO_TIMING_FAR_END_VMEAS      ; Half Signal Swing                      ; --            ; --          ; --         ;
; OUTPUT_IO_TIMING_FAR_END_VMEAS      ; Half Signal Swing                      ; --            ; --          ; --         ;
; OUTPUT_IO_TIMING_NEAR_END_VMEAS     ; Half Vccio                             ; --            ; --          ; --         ;
; OUTPUT_IO_TIMING_NEAR_END_VMEAS     ; Half Vccio                             ; --            ; --          ; --         ;
; PARTITION_COLOR                     ; -- (Not supported for targeted family) ; --            ; --          ; Top        ;
; PARTITION_FITTER_PRESERVATION_LEVEL ; -- (Not supported for targeted family) ; --            ; --          ; Top        ;
; PARTITION_NETLIST_TYPE              ; -- (Not supported for targeted family) ; --            ; --          ; Top        ;
; SPD_FILE                            ; V/vga_pll.spd                          ; --            ; --          ; --         ;
; SYNTHESIS_ONLY_QIP                  ; On                                     ; --            ; --          ; --         ;
+-------------------------------------+----------------------------------------+---------------+-------------+------------+


+--------------------------------------------------------------------------------------------------------------------------+
; Flow Elapsed Time                                                                                                        ;
+----------------------+--------------+-------------------------+---------------------+------------------------------------+
; Module Name          ; Elapsed Time ; Average Processors Used ; Peak Virtual Memory ; Total CPU Time (on all processors) ;
+----------------------+--------------+-------------------------+---------------------+------------------------------------+
; Analysis & Synthesis ; 00:00:08     ; 1.0                     ; 5120 MB             ; 00:00:16                           ;
; Fitter               ; 00:00:47     ; 1.2                     ; 7135 MB             ; 00:03:18                           ;
; Assembler            ; 00:00:05     ; 1.0                     ; 4861 MB             ; 00:00:06                           ;
; Timing Analyzer      ; 00:00:07     ; 2.3                     ; 5256 MB             ; 00:00:14                           ;
; Total                ; 00:01:07     ; --                      ; --                  ; 00:03:54                           ;
+----------------------+--------------+-------------------------+---------------------+------------------------------------+


+------------------------------------------------------------------------------------+
; Flow OS Summary                                                                    ;
+----------------------+------------------+------------+------------+----------------+
; Module Name          ; Machine Hostname ; OS Name    ; OS Version ; Processor type ;
+----------------------+------------------+------------+------------+----------------+
; Analysis & Synthesis ; TMAKINDESKTOP    ; Windows 10 ; 10.0       ; x86_64         ;
; Fitter               ; TMAKINDESKTOP    ; Windows 10 ; 10.0       ; x86_64         ;
; Assembler            ; TMAKINDESKTOP    ; Windows 10 ; 10.0       ; x86_64         ;
; Timing Analyzer      ; TMAKINDESKTOP    ; Windows 10 ; 10.0       ; x86_64         ;
+----------------------+------------------+------------+------------+----------------+


------------
; Flow Log ;
------------
quartus_map --read_settings_files=on --write_settings_files=off DE0_CV_Default -c DE0_CV_Default
quartus_fit --read_settings_files=off --write_settings_files=off DE0_CV_Default -c DE0_CV_Default
quartus_asm --read_settings_files=off --write_settings_files=off DE0_CV_Default -c DE0_CV_Default
quartus_sta DE0_CV_Default -c DE0_CV_Default



